<?xml version="1.0" encoding="UTF-8"?>
<!-- Generated by org.testng.reporters.JUnitXMLReporter -->
<testsuite hostname="MINDQ-PC" name="Spicejet Test Results" tests="5" failures="0" timestamp="4 Jan 2014 04:46:28 GMT" time="20.602" errors="0">
  <testcase name="verifyURL" time="5.443" classname="testNG.SpicejetPopup"/>
  <testcase name="verifyBookAFlight" time="2.515" classname="testNG.SpicejetPopup"/>
  <testcase name="verifyOneWaySearch" time="4.75" classname="testNG.SpicejetPopup"/>
  <testcase name="verifyJavaScriptAlert" time="0.058" classname="testNG.SpicejetPopup"/>
  <testcase name="verifypopup" time="4.893" classname="testNG.SpicejetPopup"/>
</testsuite> <!-- Spicejet Test Results -->
