<?xml version="1.0" encoding="UTF-8"?>
<!-- Generated by org.testng.reporters.JUnitXMLReporter -->
<testsuite hostname="MINDQ-PC" name="Spicejet Results" tests="5" failures="0" timestamp="9 Jan 2014 07:24:18 GMT" time="24.345" errors="0">
  <testcase name="test1" time="8.295" classname="testNG.SpicejetPopup"/>
  <testcase name="test2" time="2.858" classname="testNG.SpicejetPopup"/>
  <testcase name="test3" time="5.231" classname="testNG.SpicejetPopup"/>
  <testcase name="test4" time="0.061" classname="testNG.SpicejetPopup"/>
  <testcase name="test5" time="4.725" classname="testNG.SpicejetPopup"/>
</testsuite> <!-- Spicejet Results -->
