<?xml version="1.0" encoding="UTF-8"?>
<!-- Generated by org.testng.reporters.JUnitXMLReporter -->
<testsuite hostname="MINDQ-PC" name="Spicejet Results1" tests="5" failures="0" timestamp="9 Jan 2014 07:24:19 GMT" time="25.139" errors="0">
  <testcase name="test1" time="5.321" classname="testNG.SpicejetPopup"/>
  <testcase name="test2" time="2.47" classname="testNG.SpicejetPopup"/>
  <testcase name="test3" time="5.991" classname="testNG.SpicejetPopup"/>
  <testcase name="test4" time="0.063" classname="testNG.SpicejetPopup"/>
  <testcase name="test5" time="5.275" classname="testNG.SpicejetPopup"/>
</testsuite> <!-- Spicejet Results1 -->
