<?xml version="1.0" encoding="UTF-8"?>
<testng-results skipped="0" failed="0" total="1" passed="1">
  <reporter-output>
  </reporter-output>
  <suite name="Default suite" duration-ms="32362" started-at="2014-08-29T03:13:20Z" finished-at="2014-08-29T03:13:53Z">
    <groups>
    </groups>
    <test name="Default test" duration-ms="32362" started-at="2014-08-29T03:13:20Z" finished-at="2014-08-29T03:13:53Z">
      <class name="GridTestNG.GmailLogin_Logout">
        <test-method status="PASS" signature="beforeTest()[pri:0, instance:GridTestNG.GmailLogin_Logout@24295637]" name="beforeTest" is-config="true" duration-ms="8301" started-at="2014-08-28T23:13:20Z" finished-at="2014-08-28T23:13:29Z">
          <reporter-output>
          </reporter-output>
        </test-method> <!-- beforeTest -->
        <test-method status="PASS" signature="f()[pri:0, instance:GridTestNG.GmailLogin_Logout@24295637]" name="f" duration-ms="22176" started-at="2014-08-28T23:13:29Z" finished-at="2014-08-28T23:13:51Z">
          <reporter-output>
          </reporter-output>
        </test-method> <!-- f -->
        <test-method status="PASS" signature="afterTest()[pri:0, instance:GridTestNG.GmailLogin_Logout@24295637]" name="afterTest" is-config="true" duration-ms="1826" started-at="2014-08-28T23:13:51Z" finished-at="2014-08-28T23:13:53Z">
          <reporter-output>
          </reporter-output>
        </test-method> <!-- afterTest -->
      </class> <!-- GridTestNG.GmailLogin_Logout -->
    </test> <!-- Default test -->
  </suite> <!-- Default suite -->
</testng-results>
